2025-05-10 09:12:30,264 - __main__ - INFO - アプリケーションを起動します...
2025-05-10 09:12:38,107 - src.main_window - INFO - 選択されたフォルダ: G:/SDsample
2025-05-10 09:12:38,107 - src.main_window - DEBUG - ユーザー選択フォルダ: G:/SDsample
2025-05-10 09:12:38,107 - src.main_window - DEBUG - ツリー表示ルート: G:/
2025-05-10 09:12:38,107 - src.main_window - INFO - フォルダツリーを更新しました。表示ルート: G:/, 選択中: G:/SDsample
2025-05-10 09:12:38,107 - src.main_window - INFO - G:/SDsample からサムネイルを読み込みます。
2025-05-10 09:12:38,107 - src.main_window - INFO - 見つかった画像ファイル (再帰検索含む): 393個
2025-05-10 09:12:38,157 - src.thumbnail_loader - DEBUG - Used decoded 'exif' from img.info for G:/SDsample/250111/00005-4187066497.jpg
2025-05-10 09:12:38,160 - src.thumbnail_loader - DEBUG - Used decoded 'exif' from img.info for G:/SDsample/250111/00009-2920845999.jpg
2025-05-10 09:12:38,170 - src.thumbnail_loader - DEBUG - Found 'parameters' in info for G:/SDsample/250111/00013-265951400.png
2025-05-10 09:12:38,175 - src.thumbnail_loader - DEBUG - Used decoded 'exif' from img.info for G:/SDsample/250111/00020-2885752194.jpg
2025-05-10 09:12:38,198 - src.thumbnail_loader - DEBUG - Found 'parameters' in info for G:/SDsample/250111/00022-1938480111.png
2025-05-10 09:12:38,211 - src.thumbnail_loader - DEBUG - Found 'parameters' in info for G:/SDsample/250111/00022-2464044991.png
2025-05-10 09:12:38,215 - src.thumbnail_loader - DEBUG - Used decoded 'exif' from img.info for G:/SDsample/250111/00023-1876193611.jpg
2025-05-10 09:12:38,229 - src.thumbnail_loader - DEBUG - Found 'parameters' in info for G:/SDsample/250111/00023-4102464124.png
2025-05-10 09:12:38,249 - src.thumbnail_loader - DEBUG - Found 'parameters' in info for G:/SDsample/250111/00025-1938480111.png
2025-05-10 09:12:38,253 - src.thumbnail_loader - DEBUG - Used decoded 'exif' from img.info for G:/SDsample/250111/00026-2543275705.jpg
2025-05-10 09:12:38,274 - src.thumbnail_loader - DEBUG - Found 'parameters' in info for G:/SDsample/250111/00029-2428848565.png
2025-05-10 09:12:38,293 - src.thumbnail_loader - DEBUG - Found 'parameters' in info for G:/SDsample/250111/00031-1510930050.png
2025-05-10 09:12:38,311 - src.thumbnail_loader - DEBUG - Found 'parameters' in info for G:/SDsample/250111/00033-1425573570.png
2025-05-10 09:12:38,334 - src.thumbnail_loader - DEBUG - Found 'parameters' in info for G:/SDsample/250111/00033-987997186.png
2025-05-10 09:12:38,338 - src.thumbnail_loader - DEBUG - Used decoded 'exif' from img.info for G:/SDsample/250111/00036-1587565996.jpg
2025-05-10 09:12:38,340 - src.thumbnail_loader - DEBUG - Used decoded 'exif' from img.info for G:/SDsample/250111/00038-3929641056.jpg
2025-05-10 09:12:38,343 - src.thumbnail_loader - DEBUG - Used decoded 'exif' from img.info for G:/SDsample/250111/00040-2159622478.jpg
2025-05-10 09:12:38,347 - src.thumbnail_loader - DEBUG - Used decoded 'exif' from img.info for G:/SDsample/250111/00041-1076846553.jpg
2025-05-10 09:12:38,351 - src.thumbnail_loader - DEBUG - Used decoded 'exif' from img.info for G:/SDsample/250111/00041-965642754.jpg
2025-05-10 09:12:38,355 - src.thumbnail_loader - DEBUG - Used decoded 'exif' from img.info for G:/SDsample/250111/00043-3866132714.jpg
2025-05-10 09:12:38,379 - src.thumbnail_loader - DEBUG - Found 'parameters' in info for G:/SDsample/250111/00045-1742575180.png
2025-05-10 09:12:38,395 - src.thumbnail_loader - DEBUG - Found 'parameters' in info for G:/SDsample/250111/00046-4137992508.png
2025-05-10 09:12:38,417 - src.thumbnail_loader - DEBUG - Found 'parameters' in info for G:/SDsample/250111/00050-1742575180.png
2025-05-10 09:12:38,439 - src.thumbnail_loader - DEBUG - Found 'parameters' in info for G:/SDsample/250111/00052-1742575180.png
2025-05-10 09:12:38,462 - src.thumbnail_loader - DEBUG - Found 'parameters' in info for G:/SDsample/250111/00054-1974511087.png
2025-05-10 09:12:38,483 - src.thumbnail_loader - DEBUG - Found 'parameters' in info for G:/SDsample/250111/00057-370187404.png
2025-05-10 09:12:38,503 - src.thumbnail_loader - DEBUG - Found 'parameters' in info for G:/SDsample/250111/00068-3141791876.png
2025-05-10 09:12:38,506 - src.thumbnail_loader - DEBUG - Used decoded 'exif' from img.info for G:/SDsample/250111/00069-4063429842.jpg
2025-05-10 09:12:38,510 - src.thumbnail_loader - DEBUG - Used decoded 'exif' from img.info for G:/SDsample/250111/00071-3142422281.jpg
2025-05-10 09:12:38,514 - src.thumbnail_loader - DEBUG - Used decoded 'exif' from img.info for G:/SDsample/250111/00073-1290278441.jpg
2025-05-10 09:12:38,570 - src.thumbnail_loader - DEBUG - Used decoded 'exif' from img.info for G:/SDsample/250111/00073-3714996808.webp
2025-05-10 09:12:38,596 - src.thumbnail_loader - DEBUG - Found 'parameters' in info for G:/SDsample/250111/00077-3743544617.png
2025-05-10 09:12:38,599 - src.thumbnail_loader - DEBUG - Used decoded 'exif' from img.info for G:/SDsample/250111/00083-3205268881.jpg
2025-05-10 09:12:38,619 - src.thumbnail_loader - DEBUG - Used decoded 'exif' from img.info for G:/SDsample/250111/00091-2388415550.webp
2025-05-10 09:12:38,623 - src.thumbnail_loader - DEBUG - Used decoded 'exif' from img.info for G:/SDsample/250111/00094-1691598814.jpg
2025-05-10 09:12:38,645 - src.thumbnail_loader - DEBUG - Found 'parameters' in info for G:/SDsample/250111/00109-1942642467.png
2025-05-10 09:12:38,649 - src.thumbnail_loader - DEBUG - Used decoded 'exif' from img.info for G:/SDsample/250111/00113-2581941226.jpg
2025-05-10 09:12:38,655 - src.thumbnail_loader - DEBUG - Used decoded 'exif' from img.info for G:/SDsample/250111/00114-3723753181.jpg
2025-05-10 09:12:38,658 - src.thumbnail_loader - DEBUG - Used decoded 'exif' from img.info for G:/SDsample/250111/00119-4174822563.jpg
2025-05-10 09:12:38,662 - src.thumbnail_loader - DEBUG - Used decoded 'exif' from img.info for G:/SDsample/250111/00122-632412529.jpg
2025-05-10 09:12:38,666 - src.thumbnail_loader - DEBUG - Used decoded 'exif' from img.info for G:/SDsample/250111/00126-1964306891.jpg
2025-05-10 09:12:38,670 - src.thumbnail_loader - DEBUG - Used decoded 'exif' from img.info for G:/SDsample/250111/00152-177520890.jpg
2025-05-10 09:12:38,674 - src.thumbnail_loader - DEBUG - Used decoded 'exif' from img.info for G:/SDsample/250111/00173-3716855727.jpg
2025-05-10 09:12:38,677 - src.thumbnail_loader - DEBUG - Used decoded 'exif' from img.info for G:/SDsample/250111/00228-1118528130.jpg
2025-05-10 09:12:38,680 - src.thumbnail_loader - DEBUG - Used decoded 'exif' from img.info for G:/SDsample/250111/00229-568153121.jpg
2025-05-10 09:12:38,685 - src.thumbnail_loader - DEBUG - Used decoded 'exif' from img.info for G:/SDsample/250111/00235-1294529814.jpg
2025-05-10 09:12:38,690 - src.thumbnail_loader - DEBUG - Used decoded 'exif' from img.info for G:/SDsample/250111/00236-4195341984.jpg
2025-05-10 09:12:38,693 - src.thumbnail_loader - DEBUG - Used decoded 'exif' from img.info for G:/SDsample/250111/00238-1118528130.jpg
2025-05-10 09:12:38,697 - src.thumbnail_loader - DEBUG - Used decoded 'exif' from img.info for G:/SDsample/250111/00254-2545289488.jpg
2025-05-10 09:12:38,701 - src.thumbnail_loader - DEBUG - Used decoded 'exif' from img.info for G:/SDsample/250111/00332-888490790.jpg
2025-05-10 09:12:38,723 - src.thumbnail_loader - DEBUG - Used decoded 'exif' from img.info for G:/SDsample/bra/00000-857030001.webp
2025-05-10 09:12:38,745 - src.thumbnail_loader - DEBUG - Used decoded 'exif' from img.info for G:/SDsample/bra/00003-613417607.webp
2025-05-10 09:12:38,766 - src.thumbnail_loader - DEBUG - Used decoded 'exif' from img.info for G:/SDsample/bra/00005-1911662199.webp
2025-05-10 09:12:38,789 - src.thumbnail_loader - DEBUG - Used decoded 'exif' from img.info for G:/SDsample/bra/00009-486291561.webp
2025-05-10 09:12:38,810 - src.thumbnail_loader - DEBUG - Used decoded 'exif' from img.info for G:/SDsample/bra/00019-4235550278.webp
2025-05-10 09:12:38,830 - src.thumbnail_loader - DEBUG - Used decoded 'exif' from img.info for G:/SDsample/bra/00020-2564116577.webp
2025-05-10 09:12:38,852 - src.thumbnail_loader - DEBUG - Used decoded 'exif' from img.info for G:/SDsample/bra/00032-1341445332.webp
2025-05-10 09:12:38,874 - src.thumbnail_loader - DEBUG - Used decoded 'exif' from img.info for G:/SDsample/bra/00040-3746358568.webp
2025-05-10 09:12:38,897 - src.thumbnail_loader - DEBUG - Used decoded 'exif' from img.info for G:/SDsample/bra/00047-1673704085.webp
2025-05-10 09:12:38,916 - src.thumbnail_loader - DEBUG - No suitable metadata text found to parse in G:/SDsample/CharaStudio-2025-03-13-16-08-52-Render.png
2025-05-10 09:12:38,933 - src.thumbnail_loader - DEBUG - No suitable metadata text found to parse in G:/SDsample/CharaStudio-2025-03-13-16-09-03-Render.png
2025-05-10 09:12:38,956 - src.thumbnail_loader - DEBUG - No suitable metadata text found to parse in G:/SDsample/comfy/2024-37-05_00001_.png
2025-05-10 09:12:38,975 - src.thumbnail_loader - DEBUG - No suitable metadata text found to parse in G:/SDsample/comfy/2024-37-05_00002_.png
2025-05-10 09:12:38,993 - src.thumbnail_loader - DEBUG - No suitable metadata text found to parse in G:/SDsample/comfy/2024-44-05_00001_.png
2025-05-10 09:12:38,997 - src.thumbnail_loader - DEBUG - No suitable metadata text found to parse in G:/SDsample/cut.png
2025-05-10 09:12:39,005 - src.thumbnail_loader - DEBUG - No suitable metadata text found to parse in G:/SDsample/cut2.png
2025-05-10 09:12:39,009 - src.thumbnail_loader - DEBUG - Used decoded 'exif' from img.info for G:/SDsample/dolphin wave/00011-1663261731.jpg
2025-05-10 09:12:39,012 - src.thumbnail_loader - DEBUG - Used decoded 'exif' from img.info for G:/SDsample/dolphin wave/00012-4170608816.jpg
2025-05-10 09:12:39,015 - src.thumbnail_loader - DEBUG - Used decoded 'exif' from img.info for G:/SDsample/dolphin wave/00014-981173773.jpg
2025-05-10 09:12:39,018 - src.thumbnail_loader - DEBUG - Used decoded 'exif' from img.info for G:/SDsample/dolphin wave/00026-1240259001.jpg
2025-05-10 09:12:39,022 - src.thumbnail_loader - DEBUG - Used decoded 'exif' from img.info for G:/SDsample/dolphin wave/00027-1240259001.jpg
2025-05-10 09:12:39,025 - src.thumbnail_loader - DEBUG - Used decoded 'exif' from img.info for G:/SDsample/dolphin wave/00030-2479160339.jpg
2025-05-10 09:12:39,029 - src.thumbnail_loader - DEBUG - Used decoded 'exif' from img.info for G:/SDsample/dolphin wave/00036-609066886.jpg
2025-05-10 09:12:39,032 - src.thumbnail_loader - DEBUG - Used decoded 'exif' from img.info for G:/SDsample/dolphin wave/00040-609066886.jpg
2025-05-10 09:12:39,035 - src.thumbnail_loader - DEBUG - Used decoded 'exif' from img.info for G:/SDsample/dolphin wave/00040-609066886_mc.jpg
2025-05-10 09:12:39,038 - src.thumbnail_loader - DEBUG - Used decoded 'exif' from img.info for G:/SDsample/dolphin wave/00047-609066886.jpg
2025-05-10 09:12:39,042 - src.thumbnail_loader - DEBUG - Used decoded 'exif' from img.info for G:/SDsample/dolphin wave/00055-609066886.jpg
2025-05-10 09:12:39,047 - src.thumbnail_loader - DEBUG - Used decoded 'exif' from img.info for G:/SDsample/ryza/00029-3462354328.jpg
2025-05-10 09:12:39,051 - src.thumbnail_loader - DEBUG - Used decoded 'exif' from img.info for G:/SDsample/ryza/00031-2340091265.jpg
2025-05-10 09:12:39,055 - src.thumbnail_loader - DEBUG - Used decoded 'exif' from img.info for G:/SDsample/ryza/00033-2340091265.jpg
2025-05-10 09:12:39,059 - src.thumbnail_loader - DEBUG - Used decoded 'exif' from img.info for G:/SDsample/ryza/00036-2747223528.jpg
2025-05-10 09:12:39,063 - src.thumbnail_loader - DEBUG - Used decoded 'exif' from img.info for G:/SDsample/ryza/00037-3521536638.jpg
2025-05-10 09:12:39,067 - src.thumbnail_loader - DEBUG - Used decoded 'exif' from img.info for G:/SDsample/ryza/00041-2340091265.jpg
2025-05-10 09:12:39,071 - src.thumbnail_loader - DEBUG - Used decoded 'exif' from img.info for G:/SDsample/ryza/00042-2340091265.jpg
2025-05-10 09:12:39,075 - src.thumbnail_loader - DEBUG - Used decoded 'exif' from img.info for G:/SDsample/ryza/00045-2138079252.jpg
2025-05-10 09:12:39,079 - src.thumbnail_loader - DEBUG - Used decoded 'exif' from img.info for G:/SDsample/ryza/00079-3366396153.jpg
2025-05-10 09:12:39,083 - src.thumbnail_loader - DEBUG - Used decoded 'exif' from img.info for G:/SDsample/ryza/00095-1763762229.jpg
2025-05-10 09:12:39,087 - src.thumbnail_loader - DEBUG - Used decoded 'exif' from img.info for G:/SDsample/ryza/00104-62498666.jpg
2025-05-10 09:12:39,091 - src.thumbnail_loader - DEBUG - Used decoded 'exif' from img.info for G:/SDsample/ryza/00152-4256441816.jpg
2025-05-10 09:12:39,179 - src.thumbnail_loader - DEBUG - Found 'parameters' in info for G:/SDsample/samples/00000-4246062747.png
2025-05-10 09:12:39,198 - src.thumbnail_loader - DEBUG - Used decoded 'exif' from img.info for G:/SDsample/samples/00001-287161115.webp
2025-05-10 09:12:39,218 - src.thumbnail_loader - DEBUG - Used decoded 'exif' from img.info for G:/SDsample/samples/00005-3840838816.webp
2025-05-10 09:12:39,239 - src.thumbnail_loader - DEBUG - Used decoded 'exif' from img.info for G:/SDsample/samples/00007-2496690647.webp
2025-05-10 09:12:39,261 - src.thumbnail_loader - DEBUG - Used decoded 'exif' from img.info for G:/SDsample/samples/00007-973696446.webp
2025-05-10 09:12:39,265 - src.thumbnail_loader - DEBUG - Used decoded 'exif' from img.info for G:/SDsample/samples/00026-659475729.jpg
2025-05-10 09:12:39,288 - src.thumbnail_loader - DEBUG - Used decoded 'exif' from img.info for G:/SDsample/samples/00060-459891500.webp
2025-05-10 09:12:39,291 - src.thumbnail_loader - DEBUG - Used decoded 'exif' from img.info for G:/SDsample/samples/00128-3733841819.jpg
2025-05-10 09:12:39,320 - src.thumbnail_loader - DEBUG - Found 'parameters' in info for G:/SDsample/samples/00202-sakuraplatinum_v202411176818407322024-11-28.png
2025-05-10 09:12:39,346 - src.thumbnail_loader - DEBUG - Found 'parameters' in info for G:/SDsample/samples/00521-1913306041.png
2025-05-10 09:12:39,390 - src.thumbnail_loader - DEBUG - No suitable metadata text found to parse in G:/SDsample/samples/1711207686311.png
2025-05-10 09:12:39,421 - src.thumbnail_loader - DEBUG - No suitable metadata text found to parse in G:/SDsample/samples/1711803679951.png
2025-05-10 09:12:39,454 - src.thumbnail_loader - DEBUG - Used 'prompt' from JSON in Comment for G:/SDsample/samples/1712592470731.png
2025-05-10 09:12:39,472 - src.thumbnail_loader - DEBUG - Found 'parameters' in info for G:/SDsample/samples/1712592539875.png
2025-05-10 09:12:39,478 - src.thumbnail_loader - DEBUG - Used decoded 'exif' from img.info for G:/SDsample/samples/1713353806492.jpg
2025-05-10 09:12:39,489 - src.thumbnail_loader - DEBUG - Found 'parameters' in info for G:/SDsample/samples/1713982526468.png
2025-05-10 09:12:39,512 - src.thumbnail_loader - DEBUG - Found 'parameters' in info for G:/SDsample/samples/1714313575160.png
2025-05-10 09:12:39,579 - src.thumbnail_loader - DEBUG - Found 'parameters' in info for G:/SDsample/samples/1714480363823.png
2025-05-10 09:12:39,610 - src.thumbnail_loader - DEBUG - Found 'parameters' in info for G:/SDsample/samples/1714485692124.png
2025-05-10 09:12:39,616 - src.thumbnail_loader - DEBUG - Used decoded 'exif' from img.info for G:/SDsample/samples/1716910635342.jpg
2025-05-10 09:12:39,688 - src.thumbnail_loader - DEBUG - Used 'prompt' from JSON in Comment for G:/SDsample/samples/1719234000065.png
2025-05-10 09:12:39,703 - src.thumbnail_loader - DEBUG - No suitable metadata text found to parse in G:/SDsample/samples/1721659052132.jpg
2025-05-10 09:12:39,712 - src.thumbnail_loader - DEBUG - No suitable metadata text found to parse in G:/SDsample/samples/1721659594171.jpg
2025-05-10 09:12:39,728 - src.thumbnail_loader - DEBUG - Found 'parameters' in info for G:/SDsample/samples/1729516562067.png
2025-05-10 09:12:39,754 - src.thumbnail_loader - DEBUG - Found 'parameters' in info for G:/SDsample/samples/1729523114852.png
2025-05-10 09:12:39,762 - src.thumbnail_loader - DEBUG - Used decoded 'exif' from img.info for G:/SDsample/samples/1730437234515.jpg
2025-05-10 09:12:39,784 - src.thumbnail_loader - DEBUG - Found 'parameters' in info for G:/SDsample/samples/20241204160914.png
2025-05-10 09:12:39,857 - src.thumbnail_loader - DEBUG - Found 'parameters' in info for G:/SDsample/samples/8352366b-881c-4910-ad1c-39912d510e0e.png
2025-05-10 09:12:39,868 - src.thumbnail_loader - DEBUG - No suitable metadata text found to parse in G:/SDsample/samples/comfyVideo.webp
2025-05-10 09:12:39,889 - src.thumbnail_loader - DEBUG - Used decoded 'exif' from img.info for G:/SDsample/samples/fu4327268.webp
2025-05-10 09:12:39,900 - src.thumbnail_loader - DEBUG - Used decoded 'exif' from img.info for G:/SDsample/samples/xyz_grid-0000-1112911945.jpg
2025-05-10 09:12:40,295 - src.thumbnail_loader - DEBUG - Used decoded 'exif' from img.info for G:/SDsample/samples/xyz_grid-0004-2987106804.webp
2025-05-10 09:12:40,627 - src.thumbnail_loader - DEBUG - No suitable metadata text found to parse in G:/SDsample/samples/ポケモンキャラ.jpg
2025-05-10 09:12:40,648 - src.thumbnail_loader - DEBUG - Used decoded 'exif' from img.info for G:/SDsample/Tess/00004-2927313803.webp
2025-05-10 09:12:40,672 - src.thumbnail_loader - DEBUG - Used decoded 'exif' from img.info for G:/SDsample/Tess/00008-2927313803.webp
2025-05-10 09:12:40,693 - src.thumbnail_loader - DEBUG - Used decoded 'exif' from img.info for G:/SDsample/Tess/00024-2927313803.webp
2025-05-10 09:12:40,718 - src.thumbnail_loader - DEBUG - Used decoded 'exif' from img.info for G:/SDsample/Tess/00029-3191192923.webp
2025-05-10 09:12:40,741 - src.thumbnail_loader - DEBUG - Used decoded 'exif' from img.info for G:/SDsample/Tess/00030-3387265117.webp
2025-05-10 09:12:40,764 - src.thumbnail_loader - DEBUG - Used decoded 'exif' from img.info for G:/SDsample/Tess/00031-1801797667.webp
2025-05-10 09:12:40,786 - src.thumbnail_loader - DEBUG - Used decoded 'exif' from img.info for G:/SDsample/Tess/00035-2559917672.webp
2025-05-10 09:12:40,807 - src.thumbnail_loader - DEBUG - Used decoded 'exif' from img.info for G:/SDsample/Tess/00044-3622343531.webp
2025-05-10 09:12:40,814 - src.thumbnail_loader - DEBUG - Used decoded 'exif' from img.info for G:/SDsample/デレステ/00000-1947309951.jpg
2025-05-10 09:12:40,837 - src.thumbnail_loader - DEBUG - Used decoded 'exif' from img.info for G:/SDsample/デレステ/00001-1580694572.webp
2025-05-10 09:12:40,844 - src.thumbnail_loader - DEBUG - Used decoded 'exif' from img.info for G:/SDsample/デレステ/00001-2168855901.jpg
2025-05-10 09:12:40,847 - src.thumbnail_loader - DEBUG - Used decoded 'exif' from img.info for G:/SDsample/デレステ/00002-3013569348.jpg
2025-05-10 09:12:40,851 - src.thumbnail_loader - DEBUG - Used decoded 'exif' from img.info for G:/SDsample/デレステ/00003-3013569348.jpg
2025-05-10 09:12:40,871 - src.thumbnail_loader - DEBUG - Found 'parameters' in info for G:/SDsample/デレステ/00004-375362555.png
2025-05-10 09:12:40,874 - src.thumbnail_loader - DEBUG - Used decoded 'exif' from img.info for G:/SDsample/デレステ/00005-2620551308.jpg
2025-05-10 09:12:40,878 - src.thumbnail_loader - DEBUG - Used decoded 'exif' from img.info for G:/SDsample/デレステ/00007-3514286353.jpg
2025-05-10 09:12:40,884 - src.thumbnail_loader - DEBUG - Used decoded 'exif' from img.info for G:/SDsample/デレステ/00007-4074181583.jpg
2025-05-10 09:12:40,888 - src.thumbnail_loader - DEBUG - Used decoded 'exif' from img.info for G:/SDsample/デレステ/00008-2296919180.jpg
2025-05-10 09:12:40,891 - src.thumbnail_loader - DEBUG - Used decoded 'exif' from img.info for G:/SDsample/デレステ/00009-3245322694.jpg
2025-05-10 09:12:40,914 - src.thumbnail_loader - DEBUG - Used decoded 'exif' from img.info for G:/SDsample/デレステ/00010-2851999415.webp
2025-05-10 09:12:40,936 - src.thumbnail_loader - DEBUG - Used decoded 'exif' from img.info for G:/SDsample/デレステ/00011-4261107317.webp
2025-05-10 09:12:40,980 - src.thumbnail_loader - DEBUG - Used decoded 'exif' from img.info for G:/SDsample/デレステ/00013-2851999415.webp
2025-05-10 09:12:40,984 - src.thumbnail_loader - DEBUG - Used decoded 'exif' from img.info for G:/SDsample/デレステ/00016-577148902.jpg
2025-05-10 09:12:41,005 - src.thumbnail_loader - DEBUG - Used decoded 'exif' from img.info for G:/SDsample/デレステ/00017-2886835151.webp
2025-05-10 09:12:41,010 - src.thumbnail_loader - DEBUG - Used decoded 'exif' from img.info for G:/SDsample/デレステ/00019-2987514697.jpg
2025-05-10 09:12:41,014 - src.thumbnail_loader - DEBUG - Used decoded 'exif' from img.info for G:/SDsample/デレステ/00028-2632087268.jpg
2025-05-10 09:12:41,039 - src.thumbnail_loader - DEBUG - Used decoded 'exif' from img.info for G:/SDsample/デレステ/00029-593539105.webp
2025-05-10 09:12:41,043 - src.thumbnail_loader - DEBUG - Used decoded 'exif' from img.info for G:/SDsample/デレステ/00035-1587565996.jpg
2025-05-10 09:12:41,047 - src.thumbnail_loader - DEBUG - Used decoded 'exif' from img.info for G:/SDsample/デレステ/00035-3905569911.jpg
2025-05-10 09:12:41,050 - src.thumbnail_loader - DEBUG - Used decoded 'exif' from img.info for G:/SDsample/デレステ/00039-3113081292.jpg
2025-05-10 09:12:41,054 - src.thumbnail_loader - DEBUG - Used decoded 'exif' from img.info for G:/SDsample/デレステ/00040-2113237986.jpg
2025-05-10 09:12:41,058 - src.thumbnail_loader - DEBUG - Used decoded 'exif' from img.info for G:/SDsample/デレステ/00040-37469555.jpg
2025-05-10 09:12:41,106 - src.thumbnail_loader - DEBUG - Used decoded 'exif' from img.info for G:/SDsample/デレステ/00041-2719238422.webp
2025-05-10 09:12:41,132 - src.thumbnail_loader - DEBUG - Used decoded 'exif' from img.info for G:/SDsample/デレステ/00043-1406534740.webp
2025-05-10 09:12:41,181 - src.thumbnail_loader - DEBUG - Used decoded 'exif' from img.info for G:/SDsample/デレステ/00045-1131874163.webp
2025-05-10 09:12:41,186 - src.thumbnail_loader - DEBUG - Used decoded 'exif' from img.info for G:/SDsample/デレステ/00048-2099460282.jpg
2025-05-10 09:12:41,209 - src.thumbnail_loader - DEBUG - Used decoded 'exif' from img.info for G:/SDsample/デレステ/00055-727753839.webp
2025-05-10 09:12:41,214 - src.thumbnail_loader - DEBUG - Used decoded 'exif' from img.info for G:/SDsample/デレステ/00059-1579858193.jpg
2025-05-10 09:12:41,233 - src.thumbnail_loader - DEBUG - Found 'parameters' in info for G:/SDsample/デレステ/00077-1840647637.png
2025-05-10 09:12:41,254 - src.thumbnail_loader - DEBUG - Found 'parameters' in info for G:/SDsample/デレステ/00080-4002797732.png
2025-05-10 09:12:41,273 - src.thumbnail_loader - DEBUG - Found 'parameters' in info for G:/SDsample/デレステ/00090-25048456.png
2025-05-10 09:12:41,277 - src.thumbnail_loader - DEBUG - Used decoded 'exif' from img.info for G:/SDsample/デレステ/00111-3409110381.jpg
2025-05-10 09:12:41,280 - src.thumbnail_loader - DEBUG - Used decoded 'exif' from img.info for G:/SDsample/デレステ/00116-624873714.jpg
2025-05-10 09:12:41,284 - src.thumbnail_loader - DEBUG - Used decoded 'exif' from img.info for G:/SDsample/デレステ/00117-2445907692.jpg
2025-05-10 09:12:41,289 - src.thumbnail_loader - DEBUG - Used decoded 'exif' from img.info for G:/SDsample/デレステ/00118-3630483889.jpg
2025-05-10 09:12:41,293 - src.thumbnail_loader - DEBUG - Used decoded 'exif' from img.info for G:/SDsample/デレステ/00134-2846178326.jpg
2025-05-10 09:12:41,297 - src.thumbnail_loader - DEBUG - Used decoded 'exif' from img.info for G:/SDsample/デレステ/00141-3948157541.jpg
2025-05-10 09:12:41,301 - src.thumbnail_loader - DEBUG - Used decoded 'exif' from img.info for G:/SDsample/デレステ/00169-4080287418.jpg
2025-05-10 09:12:41,305 - src.thumbnail_loader - DEBUG - Used decoded 'exif' from img.info for G:/SDsample/デレステ/00170-1411307467.jpg
2025-05-10 09:12:41,309 - src.thumbnail_loader - DEBUG - Used decoded 'exif' from img.info for G:/SDsample/デレステ/はーなー/00002-1898892748.jpg
2025-05-10 09:12:41,313 - src.thumbnail_loader - DEBUG - Used decoded 'exif' from img.info for G:/SDsample/デレステ/はーなー/00003-1898892748.jpg
2025-05-10 09:12:41,317 - src.thumbnail_loader - DEBUG - Used decoded 'exif' from img.info for G:/SDsample/デレステ/はーなー/00004-1960008365.jpg
2025-05-10 09:12:41,322 - src.thumbnail_loader - DEBUG - Used decoded 'exif' from img.info for G:/SDsample/デレステ/はーなー/00007-1339219750.jpg
2025-05-10 09:12:41,326 - src.thumbnail_loader - DEBUG - Used decoded 'exif' from img.info for G:/SDsample/デレステ/はーなー/00016-1440836508.jpg
2025-05-10 09:12:41,331 - src.thumbnail_loader - DEBUG - Used decoded 'exif' from img.info for G:/SDsample/デレステ/はーなー/00021-4291554804.jpg
2025-05-10 09:12:41,335 - src.thumbnail_loader - DEBUG - Used decoded 'exif' from img.info for G:/SDsample/デレステ/はーなー/00023-814422297.jpg
2025-05-10 09:12:41,340 - src.thumbnail_loader - DEBUG - Used decoded 'exif' from img.info for G:/SDsample/デレステ/はーなー/00024-1293435932.jpg
2025-05-10 09:12:41,345 - src.thumbnail_loader - DEBUG - Used decoded 'exif' from img.info for G:/SDsample/デレステ/はーなー/00025-2583681150.jpg
2025-05-10 09:12:41,349 - src.thumbnail_loader - DEBUG - Used decoded 'exif' from img.info for G:/SDsample/デレステ/はーなー/00030-2065014122.jpg
2025-05-10 09:12:41,354 - src.thumbnail_loader - DEBUG - Used decoded 'exif' from img.info for G:/SDsample/デレステ/はーなー/00037-2583681150.jpg
2025-05-10 09:12:41,358 - src.thumbnail_loader - DEBUG - Used decoded 'exif' from img.info for G:/SDsample/デレステ/はーなー/00039-2583681150.jpg
2025-05-10 09:12:41,362 - src.thumbnail_loader - DEBUG - Used decoded 'exif' from img.info for G:/SDsample/デレステ/はーなー/00044-3478283679.jpg
2025-05-10 09:12:41,367 - src.thumbnail_loader - DEBUG - Used decoded 'exif' from img.info for G:/SDsample/デレステ/はーなー/00045-3478283679.jpg
2025-05-10 09:12:41,371 - src.thumbnail_loader - DEBUG - Used decoded 'exif' from img.info for G:/SDsample/デレステ/はーなー/00046-3478283679.jpg
2025-05-10 09:12:41,375 - src.thumbnail_loader - DEBUG - Used decoded 'exif' from img.info for G:/SDsample/デレステ/はーなー/00047-3478283679.jpg
2025-05-10 09:12:41,380 - src.thumbnail_loader - DEBUG - Used decoded 'exif' from img.info for G:/SDsample/デレステ/はーなー/00057-1972708426.jpg
2025-05-10 09:12:41,385 - src.thumbnail_loader - DEBUG - Used decoded 'exif' from img.info for G:/SDsample/デレステ/はーなー/00063-2583681150.jpg
2025-05-10 09:12:41,390 - src.thumbnail_loader - DEBUG - Used decoded 'exif' from img.info for G:/SDsample/デレステ/はーなー/00077-2583681150.jpg
2025-05-10 09:12:41,394 - src.thumbnail_loader - DEBUG - Used decoded 'exif' from img.info for G:/SDsample/デレステ/はーなー/00078-2583681150.jpg
2025-05-10 09:12:41,398 - src.thumbnail_loader - DEBUG - Used decoded 'exif' from img.info for G:/SDsample/デレステ/はーなー/00079-2583681150.jpg
2025-05-10 09:12:41,403 - src.thumbnail_loader - DEBUG - Used decoded 'exif' from img.info for G:/SDsample/デレステ/はーなー/00087-2583681150.jpg
2025-05-10 09:12:41,407 - src.thumbnail_loader - DEBUG - Used decoded 'exif' from img.info for G:/SDsample/デレステ/はーなー/00088-2583681150.jpg
2025-05-10 09:12:41,411 - src.thumbnail_loader - DEBUG - Used decoded 'exif' from img.info for G:/SDsample/デレステ/はーなー/00094-877818826.jpg
2025-05-10 09:12:41,415 - src.thumbnail_loader - DEBUG - Used decoded 'exif' from img.info for G:/SDsample/デレステ/はーなー/00098-3345200001.jpg
2025-05-10 09:12:41,419 - src.thumbnail_loader - DEBUG - Used decoded 'exif' from img.info for G:/SDsample/デレステ/はーなー/00100-2583681150.jpg
2025-05-10 09:12:41,424 - src.thumbnail_loader - DEBUG - Used decoded 'exif' from img.info for G:/SDsample/デレステ/はーなー/00103-3862997553.jpg
2025-05-10 09:12:41,428 - src.thumbnail_loader - DEBUG - Used decoded 'exif' from img.info for G:/SDsample/デレステ/はーなー/00105-1917305933.jpg
2025-05-10 09:12:41,432 - src.thumbnail_loader - DEBUG - Used decoded 'exif' from img.info for G:/SDsample/デレステ/はーなー/00108-37709308.jpg
2025-05-10 09:12:41,436 - src.thumbnail_loader - DEBUG - Used decoded 'exif' from img.info for G:/SDsample/デレステ/はーなー/00113-37709308.jpg
2025-05-10 09:12:41,441 - src.thumbnail_loader - DEBUG - Used decoded 'exif' from img.info for G:/SDsample/デレステ/はーなー/00114-2679215206.jpg
2025-05-10 09:12:41,445 - src.thumbnail_loader - DEBUG - Used decoded 'exif' from img.info for G:/SDsample/デレステ/はーなー/00144-3478283679.jpg
2025-05-10 09:12:41,449 - src.thumbnail_loader - DEBUG - Used decoded 'exif' from img.info for G:/SDsample/デレステ/はーなー/00156-3478283679.jpg
2025-05-10 09:12:41,453 - src.thumbnail_loader - DEBUG - Used decoded 'exif' from img.info for G:/SDsample/デレステ/はーなー/00157-3478283679.jpg
2025-05-10 09:12:41,457 - src.thumbnail_loader - DEBUG - Used decoded 'exif' from img.info for G:/SDsample/デレステ/はーなー/00172-1754677682.jpg
2025-05-10 09:12:41,461 - src.thumbnail_loader - DEBUG - Used decoded 'exif' from img.info for G:/SDsample/デレステ/はーなー/00172-2550368553.jpg
2025-05-10 09:12:41,465 - src.thumbnail_loader - DEBUG - Used decoded 'exif' from img.info for G:/SDsample/デレステ/はーなー/00173-1754677682.jpg
2025-05-10 09:12:41,469 - src.thumbnail_loader - DEBUG - Used decoded 'exif' from img.info for G:/SDsample/デレステ/はーなー/00173-3980308643.jpg
2025-05-10 09:12:41,473 - src.thumbnail_loader - DEBUG - Used decoded 'exif' from img.info for G:/SDsample/デレステ/はーなー/00175-1626772388.jpg
2025-05-10 09:12:41,477 - src.thumbnail_loader - DEBUG - Used decoded 'exif' from img.info for G:/SDsample/デレステ/はーなー/00176-3643309462.jpg
2025-05-10 09:12:41,481 - src.thumbnail_loader - DEBUG - Used decoded 'exif' from img.info for G:/SDsample/デレステ/はーなー/00177-37709308.jpg
2025-05-10 09:12:41,485 - src.thumbnail_loader - DEBUG - Used decoded 'exif' from img.info for G:/SDsample/デレステ/はーなー/00178-932573161.jpg
2025-05-10 09:12:41,489 - src.thumbnail_loader - DEBUG - Used decoded 'exif' from img.info for G:/SDsample/デレステ/はーなー/00179-1960008365.jpg
2025-05-10 09:12:41,495 - src.thumbnail_loader - DEBUG - Used decoded 'exif' from img.info for G:/SDsample/デレステ/はーなー/00197-1384948529.jpg
2025-05-10 09:12:41,499 - src.thumbnail_loader - DEBUG - Used decoded 'exif' from img.info for G:/SDsample/デレステ/はーなー/00198-2716927972.jpg
2025-05-10 09:12:41,503 - src.thumbnail_loader - DEBUG - Used decoded 'exif' from img.info for G:/SDsample/デレステ/はーなー/00199-441546171.jpg
2025-05-10 09:12:41,507 - src.thumbnail_loader - DEBUG - Used decoded 'exif' from img.info for G:/SDsample/デレステ/はーなー/001_00105-1917305933.jpg
2025-05-10 09:12:41,511 - src.thumbnail_loader - DEBUG - Used decoded 'exif' from img.info for G:/SDsample/デレステ/はーなー/00200-1741717763.jpg
2025-05-10 09:12:41,515 - src.thumbnail_loader - DEBUG - Used decoded 'exif' from img.info for G:/SDsample/デレステ/はーなー/00202-1741717763.jpg
2025-05-10 09:12:41,520 - src.thumbnail_loader - DEBUG - Used decoded 'exif' from img.info for G:/SDsample/デレステ/はーなー/00204-1929656075.jpg
2025-05-10 09:12:41,524 - src.thumbnail_loader - DEBUG - Used decoded 'exif' from img.info for G:/SDsample/デレステ/はーなー/00205-3047141820.jpg
2025-05-10 09:12:41,528 - src.thumbnail_loader - DEBUG - Used decoded 'exif' from img.info for G:/SDsample/デレステ/はーなー/00206-877080498.jpg
2025-05-10 09:12:41,533 - src.thumbnail_loader - DEBUG - Used decoded 'exif' from img.info for G:/SDsample/デレステ/はーなー/00207-1588863334.jpg
2025-05-10 09:12:41,537 - src.thumbnail_loader - DEBUG - Used decoded 'exif' from img.info for G:/SDsample/デレステ/はーなー/00208-2948974648.jpg
2025-05-10 09:12:41,541 - src.thumbnail_loader - DEBUG - Used decoded 'exif' from img.info for G:/SDsample/デレステ/はーなー/00209-1264238734.jpg
2025-05-10 09:12:41,545 - src.thumbnail_loader - DEBUG - Used decoded 'exif' from img.info for G:/SDsample/デレステ/はーなー/00210-343735925.jpg
2025-05-10 09:12:41,549 - src.thumbnail_loader - DEBUG - Used decoded 'exif' from img.info for G:/SDsample/デレステ/はーなー/00215-1898892748.jpg
2025-05-10 09:12:41,553 - src.thumbnail_loader - DEBUG - Used decoded 'exif' from img.info for G:/SDsample/デレステ/はーなー/00217-4211158428.jpg
2025-05-10 09:12:41,557 - src.thumbnail_loader - DEBUG - Used decoded 'exif' from img.info for G:/SDsample/デレステ/はーなー/00219-2840428010.jpg
2025-05-10 09:12:41,561 - src.thumbnail_loader - DEBUG - Used decoded 'exif' from img.info for G:/SDsample/デレステ/はーなー/002_00007-1339219750.jpg
2025-05-10 09:12:41,566 - src.thumbnail_loader - DEBUG - Used decoded 'exif' from img.info for G:/SDsample/デレステ/はーなー/003_00205-3047141820.jpg
2025-05-10 09:12:41,571 - src.thumbnail_loader - DEBUG - Used decoded 'exif' from img.info for G:/SDsample/デレステ/はーなー/004_00157-3478283679.jpg
2025-05-10 09:12:41,575 - src.thumbnail_loader - DEBUG - Used decoded 'exif' from img.info for G:/SDsample/デレステ/はーなー/005_00202-1741717763.jpg
2025-05-10 09:12:41,579 - src.thumbnail_loader - DEBUG - Used decoded 'exif' from img.info for G:/SDsample/デレステ/はーなー/006_00079-2583681150.jpg
2025-05-10 09:12:41,600 - src.thumbnail_loader - DEBUG - Found 'parameters' in info for G:/SDsample/デレステ/十時愛梨/00000-2543285207.png
2025-05-10 09:12:41,619 - src.thumbnail_loader - DEBUG - Found 'parameters' in info for G:/SDsample/デレステ/十時愛梨/00001-3872676261.png
2025-05-10 09:12:41,640 - src.thumbnail_loader - DEBUG - Found 'parameters' in info for G:/SDsample/デレステ/十時愛梨/00002-449014470.png
2025-05-10 09:12:41,662 - src.thumbnail_loader - DEBUG - Found 'parameters' in info for G:/SDsample/デレステ/十時愛梨/00003-449014471.png
2025-05-10 09:12:41,682 - src.thumbnail_loader - DEBUG - Found 'parameters' in info for G:/SDsample/デレステ/十時愛梨/00004-449014472.png
2025-05-10 09:12:41,701 - src.thumbnail_loader - DEBUG - Found 'parameters' in info for G:/SDsample/デレステ/十時愛梨/00005-449014473.png
2025-05-10 09:12:41,716 - src.thumbnail_loader - DEBUG - Found 'parameters' in info for G:/SDsample/デレステ/十時愛梨/00009-606281535.png
2025-05-10 09:12:41,733 - src.thumbnail_loader - DEBUG - Found 'parameters' in info for G:/SDsample/デレステ/十時愛梨/00010-1891110263.png
2025-05-10 09:12:41,750 - src.thumbnail_loader - DEBUG - Found 'parameters' in info for G:/SDsample/デレステ/十時愛梨/00012-3700540494.png
2025-05-10 09:12:41,766 - src.thumbnail_loader - DEBUG - Found 'parameters' in info for G:/SDsample/デレステ/十時愛梨/00013-1310293476.png
2025-05-10 09:12:41,782 - src.thumbnail_loader - DEBUG - Found 'parameters' in info for G:/SDsample/デレステ/十時愛梨/00014-3771543817.png
2025-05-10 09:12:41,798 - src.thumbnail_loader - DEBUG - Found 'parameters' in info for G:/SDsample/デレステ/十時愛梨/00015-1238070986.png
2025-05-10 09:12:41,815 - src.thumbnail_loader - DEBUG - Found 'parameters' in info for G:/SDsample/デレステ/十時愛梨/00016-3321502688.png
2025-05-10 09:12:41,835 - src.thumbnail_loader - DEBUG - Found 'parameters' in info for G:/SDsample/デレステ/十時愛梨/00032-2485486585.png
2025-05-10 09:12:41,856 - src.thumbnail_loader - DEBUG - Found 'parameters' in info for G:/SDsample/デレステ/十時愛梨/00033-1726413132.png
2025-05-10 09:12:41,875 - src.thumbnail_loader - DEBUG - Found 'parameters' in info for G:/SDsample/デレステ/十時愛梨/00036-3186763651.png
2025-05-10 09:12:41,896 - src.thumbnail_loader - DEBUG - Found 'parameters' in info for G:/SDsample/デレステ/十時愛梨/00038-3186763651.png
2025-05-10 09:12:41,916 - src.thumbnail_loader - DEBUG - Found 'parameters' in info for G:/SDsample/デレステ/十時愛梨/00039-3186763651.png
2025-05-10 09:12:41,922 - src.thumbnail_loader - DEBUG - Used decoded 'exif' from img.info for G:/SDsample/ミリシタ/00002-291594976.jpg
2025-05-10 09:12:41,928 - src.thumbnail_loader - DEBUG - Used decoded 'exif' from img.info for G:/SDsample/ミリシタ/00003-2289891856.jpg
2025-05-10 09:12:41,934 - src.thumbnail_loader - DEBUG - Used decoded 'exif' from img.info for G:/SDsample/ミリシタ/00004-1300158029.jpg
2025-05-10 09:12:41,941 - src.thumbnail_loader - DEBUG - Used decoded 'exif' from img.info for G:/SDsample/ミリシタ/00005-1910638929.jpg
2025-05-10 09:12:41,945 - src.thumbnail_loader - DEBUG - Used decoded 'exif' from img.info for G:/SDsample/ミリシタ/00006-946472795.jpg
2025-05-10 09:12:41,949 - src.thumbnail_loader - DEBUG - Used decoded 'exif' from img.info for G:/SDsample/ミリシタ/00037-3911768717.jpg
2025-05-10 09:12:41,974 - src.thumbnail_loader - DEBUG - Found 'parameters' in info for G:/SDsample/ミリシタ/00048-1821934617.png
2025-05-10 09:12:41,998 - src.thumbnail_loader - DEBUG - Found 'parameters' in info for G:/SDsample/ミリシタ/00052-1821934617.png
2025-05-10 09:12:42,002 - src.thumbnail_loader - DEBUG - Used decoded 'exif' from img.info for G:/SDsample/ミリシタ/00054-1724012628.jpg
2025-05-10 09:12:42,006 - src.thumbnail_loader - DEBUG - Used decoded 'exif' from img.info for G:/SDsample/ミリシタ/00072-576835177.jpg
2025-05-10 09:12:42,009 - src.thumbnail_loader - DEBUG - Used decoded 'exif' from img.info for G:/SDsample/ミリシタ/00076-3592123213.jpg
2025-05-10 09:12:42,037 - src.thumbnail_loader - DEBUG - Found 'parameters' in info for G:/SDsample/ミリシタ/00086-3799629160.png
2025-05-10 09:12:42,059 - src.thumbnail_loader - DEBUG - Found 'parameters' in info for G:/SDsample/ミリシタ/00087-3799629160.png
2025-05-10 09:12:42,085 - src.thumbnail_loader - DEBUG - Found 'parameters' in info for G:/SDsample/ミリシタ/00088-3799629160.png
2025-05-10 09:12:42,089 - src.thumbnail_loader - DEBUG - Used decoded 'exif' from img.info for G:/SDsample/ミリシタ/00091-62498666.jpg
2025-05-10 09:12:42,093 - src.thumbnail_loader - DEBUG - Used decoded 'exif' from img.info for G:/SDsample/ミリシタ/00097-62498666.jpg
2025-05-10 09:12:42,097 - src.thumbnail_loader - DEBUG - Used decoded 'exif' from img.info for G:/SDsample/ミリシタ/00100-62498666.jpg
2025-05-10 09:12:42,100 - src.thumbnail_loader - DEBUG - Used decoded 'exif' from img.info for G:/SDsample/ミリシタ/00101-2188803597.jpg
2025-05-10 09:12:42,105 - src.thumbnail_loader - DEBUG - Used decoded 'exif' from img.info for G:/SDsample/ミリシタ/00102-2188803597.jpg
2025-05-10 09:12:42,110 - src.thumbnail_loader - DEBUG - Used decoded 'exif' from img.info for G:/SDsample/ミリシタ/00104-2188803597.jpg
2025-05-10 09:12:42,114 - src.thumbnail_loader - DEBUG - Used decoded 'exif' from img.info for G:/SDsample/ミリシタ/00145-2218031912.jpg
2025-05-10 09:12:42,118 - src.thumbnail_loader - DEBUG - Used decoded 'exif' from img.info for G:/SDsample/ミリシタ/00145-98963872.jpg
2025-05-10 09:12:42,121 - src.thumbnail_loader - DEBUG - Used decoded 'exif' from img.info for G:/SDsample/ミリシタ/00148-931903818.jpg
2025-05-10 09:12:42,125 - src.thumbnail_loader - DEBUG - Used decoded 'exif' from img.info for G:/SDsample/ミリシタ/00151-369201287.jpg
2025-05-10 09:12:42,129 - src.thumbnail_loader - DEBUG - Used decoded 'exif' from img.info for G:/SDsample/ミリシタ/00205-3454071746.jpg
2025-05-10 09:12:42,134 - src.thumbnail_loader - DEBUG - Used decoded 'exif' from img.info for G:/SDsample/ミリシタ/00213-62498666.jpg
2025-05-10 09:12:42,137 - src.thumbnail_loader - DEBUG - Used decoded 'exif' from img.info for G:/SDsample/ミリシタ/00214-62498666.jpg
2025-05-10 09:12:42,141 - src.thumbnail_loader - DEBUG - Used decoded 'exif' from img.info for G:/SDsample/ミリシタ/マイティセーラー/00017-3741003949.jpg
2025-05-10 09:12:42,145 - src.thumbnail_loader - DEBUG - Used decoded 'exif' from img.info for G:/SDsample/ミリシタ/マイティセーラー/00019-3546795834.jpg
2025-05-10 09:12:42,148 - src.thumbnail_loader - DEBUG - Used decoded 'exif' from img.info for G:/SDsample/ミリシタ/マイティセーラー/00020-3546795834.jpg
2025-05-10 09:12:42,152 - src.thumbnail_loader - DEBUG - Used decoded 'exif' from img.info for G:/SDsample/ミリシタ/マイティセーラー/00021-2358899859.jpg
2025-05-10 09:12:42,156 - src.thumbnail_loader - DEBUG - Used decoded 'exif' from img.info for G:/SDsample/ミリシタ/マイティセーラー/00022-4193712569.jpg
2025-05-10 09:12:42,159 - src.thumbnail_loader - DEBUG - Used decoded 'exif' from img.info for G:/SDsample/ミリシタ/マイティセーラー/00024-1479050271.jpg
2025-05-10 09:12:42,163 - src.thumbnail_loader - DEBUG - Used decoded 'exif' from img.info for G:/SDsample/ミリシタ/マイティセーラー/00027-1219964713.jpg
2025-05-10 09:12:42,167 - src.thumbnail_loader - DEBUG - Used decoded 'exif' from img.info for G:/SDsample/ミリシタ/マイティセーラー/00029-192753917.jpg
2025-05-10 09:12:42,170 - src.thumbnail_loader - DEBUG - Used decoded 'exif' from img.info for G:/SDsample/ミリシタ/マイティセーラー/00031-1407215988.jpg
2025-05-10 09:12:42,174 - src.thumbnail_loader - DEBUG - Used decoded 'exif' from img.info for G:/SDsample/ミリシタ/マイティセーラー/00032-1475596109.jpg
2025-05-10 09:12:42,178 - src.thumbnail_loader - DEBUG - Used decoded 'exif' from img.info for G:/SDsample/ミリシタ/マイティセーラー/00033-3945455240.jpg
2025-05-10 09:12:42,182 - src.thumbnail_loader - DEBUG - Used decoded 'exif' from img.info for G:/SDsample/ミリシタ/マイティセーラー/00034-1493585277.jpg
2025-05-10 09:12:42,186 - src.thumbnail_loader - DEBUG - Used decoded 'exif' from img.info for G:/SDsample/ミリシタ/マイティセーラー/00035-4172172973.jpg
2025-05-10 09:12:42,189 - src.thumbnail_loader - DEBUG - Used decoded 'exif' from img.info for G:/SDsample/ミリシタ/マイティセーラー/00036-2719728718.jpg
2025-05-10 09:12:42,193 - src.thumbnail_loader - DEBUG - Used decoded 'exif' from img.info for G:/SDsample/ミリシタ/マイティセーラー/00038-1759954232.jpg
2025-05-10 09:12:42,197 - src.thumbnail_loader - DEBUG - Used decoded 'exif' from img.info for G:/SDsample/ミリシタ/マイティセーラー/00039-460715873.jpg
2025-05-10 09:12:42,200 - src.thumbnail_loader - DEBUG - Used decoded 'exif' from img.info for G:/SDsample/ミリシタ/マイティセーラー/00043-627806845.jpg
2025-05-10 09:12:42,205 - src.thumbnail_loader - DEBUG - Used decoded 'exif' from img.info for G:/SDsample/ミリシタ/マイティセーラー/00045-3373164442.jpg
2025-05-10 09:12:42,209 - src.thumbnail_loader - DEBUG - Used decoded 'exif' from img.info for G:/SDsample/ミリシタ/マイティセーラー/00046-3538541871.jpg
2025-05-10 09:12:42,214 - src.thumbnail_loader - DEBUG - Used decoded 'exif' from img.info for G:/SDsample/ミリシタ/マイティセーラー/00049-143744039.jpg
2025-05-10 09:12:42,217 - src.thumbnail_loader - DEBUG - Used decoded 'exif' from img.info for G:/SDsample/ミリシタ/マイティセーラー/00050-3032395743.jpg
2025-05-10 09:12:42,221 - src.thumbnail_loader - DEBUG - Used decoded 'exif' from img.info for G:/SDsample/ミリシタ/マイティセーラー/00051-21004472.jpg
2025-05-10 09:12:42,225 - src.thumbnail_loader - DEBUG - Used decoded 'exif' from img.info for G:/SDsample/ミリシタ/マイティセーラー/00052-2062816638.jpg
2025-05-10 09:12:42,229 - src.thumbnail_loader - DEBUG - Used decoded 'exif' from img.info for G:/SDsample/ミリシタ/マイティセーラー/00053-459962823.jpg
2025-05-10 09:12:42,233 - src.thumbnail_loader - DEBUG - Used decoded 'exif' from img.info for G:/SDsample/ミリシタ/マイティセーラー/00054-629351902.jpg
2025-05-10 09:12:42,236 - src.thumbnail_loader - DEBUG - Used decoded 'exif' from img.info for G:/SDsample/ミリシタ/マイティセーラー/00055-3148815240.jpg
2025-05-10 09:12:42,241 - src.thumbnail_loader - DEBUG - Used decoded 'exif' from img.info for G:/SDsample/ミリシタ/マイティセーラー/00056-107614709.jpg
2025-05-10 09:12:42,245 - src.thumbnail_loader - DEBUG - Used decoded 'exif' from img.info for G:/SDsample/ミリシタ/マイティセーラー/00058-4075368431.jpg
2025-05-10 09:12:42,249 - src.thumbnail_loader - DEBUG - Used decoded 'exif' from img.info for G:/SDsample/ミリシタ/マイティセーラー/00060-2203817622.jpg
2025-05-10 09:12:42,252 - src.thumbnail_loader - DEBUG - Used decoded 'exif' from img.info for G:/SDsample/ミリシタ/マイティセーラー/00062-3906219199.jpg
2025-05-10 09:12:42,256 - src.thumbnail_loader - DEBUG - Used decoded 'exif' from img.info for G:/SDsample/ミリシタ/マイティセーラー/00063-4180474988.jpg
2025-05-10 09:12:42,261 - src.thumbnail_loader - DEBUG - Used decoded 'exif' from img.info for G:/SDsample/ミリシタ/マイティセーラー/00064-831473592.jpg
2025-05-10 09:12:42,264 - src.thumbnail_loader - DEBUG - Used decoded 'exif' from img.info for G:/SDsample/ミリシタ/マイティセーラー/00066-3414497353.jpg
2025-05-10 09:12:42,268 - src.thumbnail_loader - DEBUG - Used decoded 'exif' from img.info for G:/SDsample/ミリシタ/マイティセーラー/00067-1508687887.jpg
2025-05-10 09:12:42,272 - src.thumbnail_loader - DEBUG - Used decoded 'exif' from img.info for G:/SDsample/ミリシタ/マイティセーラー/00068-1915396461.jpg
2025-05-10 09:12:42,276 - src.thumbnail_loader - DEBUG - Used decoded 'exif' from img.info for G:/SDsample/ミリシタ/マイティセーラー/00069-1295853925.jpg
2025-05-10 09:12:42,280 - src.thumbnail_loader - DEBUG - Used decoded 'exif' from img.info for G:/SDsample/ミリシタ/マイティセーラー/00070-1459308219.jpg
2025-05-10 09:12:42,283 - src.thumbnail_loader - DEBUG - Used decoded 'exif' from img.info for G:/SDsample/ミリシタ/マイティセーラー/00071-1629773646.jpg
2025-05-10 09:12:42,287 - src.thumbnail_loader - DEBUG - Used decoded 'exif' from img.info for G:/SDsample/ミリシタ/マイティセーラー/00072-1332150042.jpg
2025-05-10 09:12:42,291 - src.thumbnail_loader - DEBUG - Used decoded 'exif' from img.info for G:/SDsample/ミリシタ/マイティセーラー/00073-3365560386.jpg
2025-05-10 09:12:42,295 - src.thumbnail_loader - DEBUG - Used decoded 'exif' from img.info for G:/SDsample/ミリシタ/マイティセーラー/00075-1370473142.jpg
2025-05-10 09:12:42,299 - src.thumbnail_loader - DEBUG - Used decoded 'exif' from img.info for G:/SDsample/ミリシタ/マイティセーラー/00076-3659866105.jpg
2025-05-10 09:12:42,303 - src.thumbnail_loader - DEBUG - Used decoded 'exif' from img.info for G:/SDsample/ミリシタ/マイティセーラー/00077-4062783390.jpg
2025-05-10 09:12:42,307 - src.thumbnail_loader - DEBUG - Used decoded 'exif' from img.info for G:/SDsample/ミリシタ/マイティセーラー/00079-2631139973.jpg
2025-05-10 09:12:42,311 - src.thumbnail_loader - DEBUG - Used decoded 'exif' from img.info for G:/SDsample/ミリシタ/マイティセーラー/00080-2978901240.jpg
2025-05-10 09:12:42,315 - src.thumbnail_loader - DEBUG - Used decoded 'exif' from img.info for G:/SDsample/ミリシタ/マイティセーラー/00081-2676393556.jpg
2025-05-10 09:12:42,319 - src.thumbnail_loader - DEBUG - Used decoded 'exif' from img.info for G:/SDsample/ミリシタ/マイティセーラー/00082-741882105.jpg
2025-05-10 09:12:42,323 - src.thumbnail_loader - DEBUG - Used decoded 'exif' from img.info for G:/SDsample/ミリシタ/マイティセーラー/00083-1779244765.jpg
2025-05-10 09:12:42,326 - src.thumbnail_loader - DEBUG - Used decoded 'exif' from img.info for G:/SDsample/ミリシタ/マイティセーラー/00087-3859039864.jpg
2025-05-10 09:12:42,331 - src.thumbnail_loader - DEBUG - Used decoded 'exif' from img.info for G:/SDsample/ミリシタ/マイティセーラー/00088-1624979237.jpg
2025-05-10 09:12:42,335 - src.thumbnail_loader - DEBUG - Used decoded 'exif' from img.info for G:/SDsample/ミリシタ/マイティセーラー/00088-2933824078.jpg
2025-05-10 09:12:42,339 - src.thumbnail_loader - DEBUG - Used decoded 'exif' from img.info for G:/SDsample/ミリシタ/マイティセーラー/00090-1624979237.jpg
2025-05-10 09:12:42,342 - src.thumbnail_loader - DEBUG - Used decoded 'exif' from img.info for G:/SDsample/ミリシタ/マイティセーラー/00091-4084768325.jpg
2025-05-10 09:12:42,346 - src.thumbnail_loader - DEBUG - Used decoded 'exif' from img.info for G:/SDsample/ミリシタ/マイティセーラー/00092-2590906401.jpg
2025-05-10 09:12:42,350 - src.thumbnail_loader - DEBUG - Used decoded 'exif' from img.info for G:/SDsample/ミリシタ/マイティセーラー/00093-130928643.jpg
2025-05-10 09:12:42,354 - src.thumbnail_loader - DEBUG - Used decoded 'exif' from img.info for G:/SDsample/ミリシタ/マイティセーラー/00094-1989971382.jpg
2025-05-10 09:12:42,358 - src.thumbnail_loader - DEBUG - Used decoded 'exif' from img.info for G:/SDsample/ミリシタ/マイティセーラー/00095-4258136465.jpg
2025-05-10 09:12:42,364 - src.thumbnail_loader - DEBUG - Used decoded 'exif' from img.info for G:/SDsample/ミリシタ/マイティセーラー/00096-4252695884.jpg
2025-05-10 09:12:42,368 - src.thumbnail_loader - DEBUG - Used decoded 'exif' from img.info for G:/SDsample/ミリシタ/マイティセーラー/00097-4092282735.jpg
2025-05-10 09:12:42,372 - src.thumbnail_loader - DEBUG - Used decoded 'exif' from img.info for G:/SDsample/ミリシタ/マイティセーラー/00098-32693475.jpg
2025-05-10 09:12:42,376 - src.thumbnail_loader - DEBUG - Used decoded 'exif' from img.info for G:/SDsample/ミリシタ/マイティセーラー/00100-2906058257.jpg
2025-05-10 09:12:42,380 - src.thumbnail_loader - DEBUG - Used decoded 'exif' from img.info for G:/SDsample/ミリシタ/マイティセーラー/00101-722146887.jpg
2025-05-10 09:12:42,384 - src.thumbnail_loader - DEBUG - Used decoded 'exif' from img.info for G:/SDsample/ミリシタ/マイティセーラー/00102-1293188396.jpg
2025-05-10 09:12:42,388 - src.thumbnail_loader - DEBUG - Used decoded 'exif' from img.info for G:/SDsample/ミリシタ/マイティセーラー/00103-1422909301.jpg
2025-05-10 09:12:42,391 - src.thumbnail_loader - DEBUG - Used decoded 'exif' from img.info for G:/SDsample/ミリシタ/マイティセーラー/00104-3511207510.jpg
2025-05-10 09:12:42,396 - src.thumbnail_loader - DEBUG - Used decoded 'exif' from img.info for G:/SDsample/ミリシタ/マイティセーラー/00105-3422470223.jpg
2025-05-10 09:12:42,400 - src.thumbnail_loader - DEBUG - Used decoded 'exif' from img.info for G:/SDsample/ミリシタ/マイティセーラー/00106-3679903741.jpg
2025-05-10 09:12:42,403 - src.thumbnail_loader - DEBUG - Used decoded 'exif' from img.info for G:/SDsample/ミリシタ/マイティセーラー/00107-2774202858.jpg
2025-05-10 09:12:42,427 - src.thumbnail_loader - DEBUG - Used decoded 'exif' from img.info for G:/SDsample/リコリコ/00019-2144935031.webp
2025-05-10 09:12:42,451 - src.thumbnail_loader - DEBUG - Used decoded 'exif' from img.info for G:/SDsample/リコリコ/00020-2144935031.webp
2025-05-10 09:12:42,474 - src.thumbnail_loader - DEBUG - Used decoded 'exif' from img.info for G:/SDsample/リコリコ/00024-2144935031.webp
2025-05-10 09:12:42,500 - src.thumbnail_loader - DEBUG - Used decoded 'exif' from img.info for G:/SDsample/リコリコ/00032-157070754.webp
2025-05-10 09:12:42,524 - src.thumbnail_loader - DEBUG - Used decoded 'exif' from img.info for G:/SDsample/リコリコ/00033-2144935031.webp
2025-05-10 09:12:42,547 - src.thumbnail_loader - DEBUG - Used decoded 'exif' from img.info for G:/SDsample/リコリコ/00054-2047668548.webp
2025-05-10 09:12:42,567 - src.thumbnail_loader - DEBUG - Used decoded 'exif' from img.info for G:/SDsample/リコリコ/00063-3433266686.webp
2025-05-10 09:12:42,573 - src.thumbnail_loader - DEBUG - Used decoded 'exif' from img.info for G:/SDsample/リコリコ/00067-2430080065.jpg
2025-05-10 09:12:42,577 - src.thumbnail_loader - DEBUG - Used decoded 'exif' from img.info for G:/SDsample/リコリコ/00068-3083609849.jpg
2025-05-10 09:12:42,598 - src.thumbnail_loader - DEBUG - Used decoded 'exif' from img.info for G:/SDsample/リコリコ/00069-2404834573.webp
2025-05-10 09:12:42,620 - src.thumbnail_loader - DEBUG - Used decoded 'exif' from img.info for G:/SDsample/リコリコ/00070-1187945065.webp
2025-05-10 09:12:42,644 - src.thumbnail_loader - DEBUG - Used decoded 'exif' from img.info for G:/SDsample/リコリコ/00073-214564132.webp
2025-05-10 09:12:42,649 - src.thumbnail_loader - DEBUG - Used decoded 'exif' from img.info for G:/SDsample/リコリコ/00074-2177265855.jpg
2025-05-10 09:12:42,654 - src.thumbnail_loader - DEBUG - Used decoded 'exif' from img.info for G:/SDsample/リコリコ/00075-2177265855.jpg
2025-05-10 09:12:42,676 - src.thumbnail_loader - DEBUG - Used decoded 'exif' from img.info for G:/SDsample/リコリコ/00076-214564132.webp
2025-05-10 09:12:42,681 - src.thumbnail_loader - DEBUG - Used decoded 'exif' from img.info for G:/SDsample/リコリコ/00076-2224156224.jpg
2025-05-10 09:12:42,685 - src.thumbnail_loader - DEBUG - Used decoded 'exif' from img.info for G:/SDsample/リコリコ/00082-3280454531.jpg
2025-05-10 09:12:42,689 - src.thumbnail_loader - DEBUG - Used decoded 'exif' from img.info for G:/SDsample/リコリコ/00087-1083067354.jpg
2025-05-10 09:12:42,693 - src.thumbnail_loader - DEBUG - Used decoded 'exif' from img.info for G:/SDsample/リコリコ/00094-3351357838.jpg
2025-05-10 09:12:42,698 - src.thumbnail_loader - DEBUG - Used decoded 'exif' from img.info for G:/SDsample/リコリコ/00103-509046479.jpg
2025-05-10 09:12:42,702 - src.thumbnail_loader - DEBUG - Used decoded 'exif' from img.info for G:/SDsample/推しの子/00043-3838735906.jpg
2025-05-10 09:12:42,708 - src.thumbnail_loader - DEBUG - Used decoded 'exif' from img.info for G:/SDsample/推しの子/00123-1927009122.jpg
2025-05-10 09:12:42,712 - src.thumbnail_loader - DEBUG - Used decoded 'exif' from img.info for G:/SDsample/推しの子/00125-2072210193.jpg
2025-05-10 09:12:42,716 - src.thumbnail_loader - DEBUG - Used decoded 'exif' from img.info for G:/SDsample/推しの子/00128-2899798956.jpg
2025-05-10 09:12:42,721 - src.thumbnail_loader - DEBUG - Used decoded 'exif' from img.info for G:/SDsample/推しの子/00130-3464168764.jpg
2025-05-10 09:12:42,725 - src.thumbnail_loader - DEBUG - Used decoded 'exif' from img.info for G:/SDsample/推しの子/00132-2285641451.jpg
2025-05-10 09:12:42,729 - src.thumbnail_loader - DEBUG - Used decoded 'exif' from img.info for G:/SDsample/推しの子/00133-3617737581.jpg
2025-05-10 09:12:42,733 - src.thumbnail_loader - DEBUG - Used decoded 'exif' from img.info for G:/SDsample/推しの子/00134-3617737581.jpg
2025-05-10 09:12:42,738 - src.thumbnail_loader - DEBUG - Used decoded 'exif' from img.info for G:/SDsample/推しの子/00136-3617737581.jpg
2025-05-10 09:12:42,742 - src.thumbnail_loader - DEBUG - Used decoded 'exif' from img.info for G:/SDsample/推しの子/00154-1630355822.jpg
2025-05-10 09:12:42,744 - src.thumbnail_loader - DEBUG - Used decoded 'exif' from img.info for G:/SDsample/新しいフォルダー/00000-1259538235.jpg
2025-05-10 09:12:42,767 - src.thumbnail_loader - DEBUG - Found 'parameters' in info for G:/SDsample/新しいフォルダー/00001-1259538235.png
2025-05-10 09:12:42,771 - src.thumbnail_loader - DEBUG - Used decoded 'exif' from img.info for G:/SDsample/新しいフォルダー/00002-1898892748.jpg
2025-05-10 09:12:42,794 - src.thumbnail_loader - DEBUG - Found 'parameters' in info for G:/SDsample/新しいフォルダー/00058-1823254140.png
2025-05-10 09:12:42,799 - src.thumbnail_loader - DEBUG - Used decoded 'exif' from img.info for G:/SDsample/新しいフォルダー/001_00105-1917305933.jpg
2025-05-10 09:12:42,823 - src.thumbnail_loader - DEBUG - Used decoded 'exif' from img.info for G:/SDsample/新しいフォルダー/v-pred.webp
2025-05-10 09:12:42,834 - src.thumbnail_loader - DEBUG - Used decoded 'exif' from img.info for G:/SDsample/新しいフォルダー/xyz_grid-0000-1112911945.jpg
2025-05-10 09:12:42,899 - src.thumbnail_loader - DEBUG - No suitable metadata text found to parse in G:/SDsample/松島 彩華/a.png
2025-05-10 09:12:42,956 - src.thumbnail_loader - DEBUG - No suitable metadata text found to parse in G:/SDsample/松島 彩華/b.png
2025-05-10 09:12:43,013 - src.thumbnail_loader - DEBUG - No suitable metadata text found to parse in G:/SDsample/松島 彩華/c.png
2025-05-10 09:12:43,080 - src.thumbnail_loader - DEBUG - No suitable metadata text found to parse in G:/SDsample/松島 彩華/d.png
2025-05-10 09:12:43,136 - src.thumbnail_loader - DEBUG - No suitable metadata text found to parse in G:/SDsample/松島 彩華/e.png
2025-05-10 09:12:43,194 - src.thumbnail_loader - DEBUG - No suitable metadata text found to parse in G:/SDsample/松島 彩華/f.png
2025-05-10 09:12:43,260 - src.thumbnail_loader - DEBUG - No suitable metadata text found to parse in G:/SDsample/松島 彩華/g.png
2025-05-10 09:12:43,331 - src.thumbnail_loader - DEBUG - No suitable metadata text found to parse in G:/SDsample/松島 彩華/h.png
2025-05-10 09:12:43,332 - src.main_window - INFO - サムネイルの非同期読み込みが完了しました。
2025-05-10 09:12:43,332 - src.main_window - INFO - すべてのサムネイルの選択を解除しました。
2025-05-10 09:12:43,336 - src.main_window - DEBUG - Search mode set to: AND
2025-05-10 09:12:45,904 - src.main_window - INFO - すべてのサムネイルの選択を解除しました。
2025-05-10 09:12:45,908 - src.main_window - DEBUG - Search mode set to: AND
2025-05-10 09:12:49,296 - src.main_window - INFO - すべてのサムネイルの選択を解除しました。
2025-05-10 09:12:49,300 - src.main_window - DEBUG - Search mode set to: AND
2025-05-10 09:12:54,313 - src.main_window - INFO - すべてのサムネイルの選択を解除しました。
2025-05-10 09:12:54,318 - src.main_window - DEBUG - Search mode set to: AND
2025-05-10 09:12:55,548 - src.main_window - INFO - すべてのサムネイルの選択を解除しました。
2025-05-10 09:12:55,552 - src.main_window - DEBUG - Search mode set to: OR
2025-05-10 09:12:55,565 - src.main_window - INFO - すべてのサムネイルの選択を解除しました。
2025-05-10 09:12:55,569 - src.main_window - DEBUG - Search mode set to: OR
2025-05-10 09:12:58,828 - src.main_window - INFO - すべてのサムネイルの選択を解除しました。
2025-05-10 09:12:58,833 - src.main_window - DEBUG - Search mode set to: AND
2025-05-10 09:12:58,845 - src.main_window - INFO - すべてのサムネイルの選択を解除しました。
2025-05-10 09:12:58,849 - src.main_window - DEBUG - Search mode set to: AND
2025-05-10 09:12:59,725 - src.main_window - INFO - すべてのサムネイルの選択を解除しました。
2025-05-10 09:12:59,729 - src.main_window - DEBUG - Search mode set to: OR
2025-05-10 09:12:59,742 - src.main_window - INFO - すべてのサムネイルの選択を解除しました。
2025-05-10 09:12:59,748 - src.main_window - DEBUG - Search mode set to: OR
2025-05-10 09:13:00,092 - src.main_window - DEBUG - 選択中のファイル: ['G:/SDsample/デレステ/00002-3013569348.jpg']
2025-05-10 09:13:00,536 - src.main_window - DEBUG - 選択中のファイル: ['G:/SDsample/デレステ/00002-3013569348.jpg', 'G:/SDsample/デレステ/00003-3013569348.jpg']
